2025-11-09 16:30:32,155 - ERROR - ALPACA_API_KEY not found in environment variables
2025-11-09 16:30:32,159 - ERROR - ALPACA_SECRET_KEY not found in environment variables
2025-11-09 16:32:08,533 - ERROR - ALPACA_API_KEY not found in environment variables
2025-11-09 16:32:08,535 - ERROR - ALPACA_SECRET_KEY not found in environment variables
2025-11-09 16:44:26,504 - INFO - Fetched 63 bars for SPY
2025-11-09 16:51:28,143 - INFO - Fetched 249 bars for SPY
2025-11-09 16:52:07,790 - INFO - RF model trained for SPY: accuracy=0.846
2025-11-09 16:52:07,843 - INFO - RF model saved for SPY: models/SPY_rf.pkl
2025-11-09 16:56:34,092 - ERROR - Error training XGB model for SPY: Invalid classes inferred from unique values of `y`.  Expected: [0 1 2], got [-1  0  1]
2025-11-09 16:58:02,097 - INFO - XGB model trained for SPY: accuracy=1.000
2025-11-09 16:58:02,135 - INFO - XGB model saved for SPY: models/SPY_xgb.pkl
2025-11-09 16:58:41,812 - INFO - LSTM model trained for SPY
2025-11-09 16:58:42,278 - INFO - LSTM model saved for SPY: models/SPY_lstm.keras
2025-11-09 17:03:02,216 - INFO - RF model loaded for SPY: models/SPY_rf.pkl
2025-11-09 17:03:02,226 - INFO - XGB model loaded for SPY: models/SPY_xgb.pkl
2025-11-09 17:03:02,552 - INFO - LSTM model loaded for SPY: models/SPY_lstm.keras
2025-11-09 17:08:50,699 - INFO - RF model loaded for SPY: models/SPY_rf.pkl
2025-11-09 17:08:50,712 - INFO - XGB model loaded for SPY: models/SPY_xgb.pkl
2025-11-09 17:08:50,936 - INFO - LSTM model loaded for SPY: models/SPY_lstm.keras
2025-11-09 17:09:46,386 - INFO - Order placed: BUY 10 SPY
2025-11-09 17:09:46,472 - INFO - Order c88166a9-5571-43b8-abd3-0ffb61c0b43c status: OrderStatus.ACCEPTED
2025-11-09 17:09:46,560 - INFO - Order c88166a9-5571-43b8-abd3-0ffb61c0b43c cancelled
2025-11-09 17:10:59,668 - INFO - Fetched 42 bars for SPY
2025-11-09 17:10:59,679 - INFO - RF model loaded for SPY: models/SPY_rf.pkl
2025-11-09 17:10:59,688 - INFO - XGB model loaded for SPY: models/SPY_xgb.pkl
2025-11-09 17:10:59,861 - INFO - LSTM model loaded for SPY: models/SPY_lstm.keras
2025-11-09 17:10:59,863 - ERROR - Error predicting with RF model for SPY: "None of [Index(['pct_change', 'log_returns', 'sma_5', 'sma_10', 'sma_20', 'sma_50',\n       'ema_5', 'ema_10', 'ema_20', 'ema_50', 'dist_from_sma20',\n       'dist_from_sma50', 'rsi_14', 'macd', 'macd_signal', 'macd_histogram',\n       'bb_position', 'bb_width', 'atr_14', 'roc_10', 'momentum_10',\n       'volume_ratio', 'rolling_std_20', 'gap', 'high_low_ratio',\n       'open_close_ratio'],\n      dtype='object')] are in the [columns]"
2025-11-09 17:10:59,865 - ERROR - Error predicting with XGB model for SPY: "None of [Index(['pct_change', 'log_returns', 'sma_5', 'sma_10', 'sma_20', 'sma_50',\n       'ema_5', 'ema_10', 'ema_20', 'ema_50', 'dist_from_sma20',\n       'dist_from_sma50', 'rsi_14', 'macd', 'macd_signal', 'macd_histogram',\n       'bb_position', 'bb_width', 'atr_14', 'roc_10', 'momentum_10',\n       'volume_ratio', 'rolling_std_20', 'gap', 'high_low_ratio',\n       'open_close_ratio'],\n      dtype='object')] are in the [columns]"
2025-11-09 17:14:06,840 - INFO - Using cached data for SPY
2025-11-09 17:14:06,867 - INFO - RF model loaded for SPY: models/SPY_rf.pkl
2025-11-09 17:14:06,897 - INFO - XGB model loaded for SPY: models/SPY_xgb.pkl
2025-11-09 17:14:07,126 - INFO - LSTM model loaded for SPY: models/SPY_lstm.keras
2025-11-09 17:16:59,472 - INFO - Fetched 42 bars for SPY
2025-11-09 17:16:59,499 - INFO - RF model loaded for SPY: models/SPY_rf.pkl
2025-11-09 17:16:59,643 - INFO - XGB model loaded for SPY: models/SPY_xgb.pkl
2025-11-09 17:16:59,967 - INFO - LSTM model loaded for SPY: models/SPY_lstm.keras
2025-11-09 17:23:04,440 - INFO - Fetched 69 bars for SPY
2025-11-09 17:23:04,510 - INFO - RF model loaded for SPY: models/SPY_rf.pkl
2025-11-09 17:23:04,525 - INFO - XGB model loaded for SPY: models/SPY_xgb.pkl
2025-11-09 17:23:04,930 - INFO - LSTM model loaded for SPY: models/SPY_lstm.keras
2025-11-09 17:23:52,019 - INFO - RF model loaded for SPY: models/SPY_rf.pkl
2025-11-09 17:23:52,029 - INFO - XGB model loaded for SPY: models/SPY_xgb.pkl
2025-11-09 17:23:52,212 - INFO - LSTM model loaded for SPY: models/SPY_lstm.keras
2025-11-09 17:23:52,736 - INFO - RF model loaded for SPY: models/SPY_rf.pkl
2025-11-09 17:23:52,744 - INFO - XGB model loaded for SPY: models/SPY_xgb.pkl
2025-11-09 17:23:52,912 - INFO - LSTM model loaded for SPY: models/SPY_lstm.keras
2025-11-09 17:23:53,368 - INFO - RF model loaded for SPY: models/SPY_rf.pkl
2025-11-09 17:23:53,376 - INFO - XGB model loaded for SPY: models/SPY_xgb.pkl
2025-11-09 17:23:53,535 - INFO - LSTM model loaded for SPY: models/SPY_lstm.keras
2025-11-09 17:23:53,990 - INFO - RF model loaded for SPY: models/SPY_rf.pkl
2025-11-09 17:23:53,997 - INFO - XGB model loaded for SPY: models/SPY_xgb.pkl
2025-11-09 17:23:54,162 - INFO - LSTM model loaded for SPY: models/SPY_lstm.keras
2025-11-09 17:23:54,615 - INFO - RF model loaded for SPY: models/SPY_rf.pkl
2025-11-09 17:23:54,623 - INFO - XGB model loaded for SPY: models/SPY_xgb.pkl
2025-11-09 17:23:54,782 - INFO - LSTM model loaded for SPY: models/SPY_lstm.keras
2025-11-09 17:23:55,254 - INFO - RF model loaded for SPY: models/SPY_rf.pkl
2025-11-09 17:23:55,262 - INFO - XGB model loaded for SPY: models/SPY_xgb.pkl
2025-11-09 17:23:55,455 - INFO - LSTM model loaded for SPY: models/SPY_lstm.keras
2025-11-09 17:23:56,042 - INFO - RF model loaded for SPY: models/SPY_rf.pkl
2025-11-09 17:23:56,051 - INFO - XGB model loaded for SPY: models/SPY_xgb.pkl
2025-11-09 17:23:56,255 - INFO - LSTM model loaded for SPY: models/SPY_lstm.keras
2025-11-09 17:23:57,192 - INFO - RF model loaded for SPY: models/SPY_rf.pkl
2025-11-09 17:23:57,200 - INFO - XGB model loaded for SPY: models/SPY_xgb.pkl
2025-11-09 17:23:57,480 - INFO - LSTM model loaded for SPY: models/SPY_lstm.keras
2025-11-09 17:23:57,941 - INFO - RF model loaded for SPY: models/SPY_rf.pkl
2025-11-09 17:23:57,949 - INFO - XGB model loaded for SPY: models/SPY_xgb.pkl
2025-11-09 17:23:58,128 - INFO - LSTM model loaded for SPY: models/SPY_lstm.keras
2025-11-09 17:23:58,589 - INFO - RF model loaded for SPY: models/SPY_rf.pkl
2025-11-09 17:23:58,596 - INFO - XGB model loaded for SPY: models/SPY_xgb.pkl
2025-11-09 17:23:58,764 - INFO - LSTM model loaded for SPY: models/SPY_lstm.keras
2025-11-09 17:23:59,234 - INFO - RF model loaded for SPY: models/SPY_rf.pkl
2025-11-09 17:23:59,242 - INFO - XGB model loaded for SPY: models/SPY_xgb.pkl
2025-11-09 17:23:59,409 - INFO - LSTM model loaded for SPY: models/SPY_lstm.keras
2025-11-09 17:23:59,881 - INFO - RF model loaded for SPY: models/SPY_rf.pkl
2025-11-09 17:23:59,889 - INFO - XGB model loaded for SPY: models/SPY_xgb.pkl
2025-11-09 17:24:00,056 - INFO - LSTM model loaded for SPY: models/SPY_lstm.keras
2025-11-09 17:24:00,522 - INFO - RF model loaded for SPY: models/SPY_rf.pkl
2025-11-09 17:24:00,529 - INFO - XGB model loaded for SPY: models/SPY_xgb.pkl
2025-11-09 17:24:00,786 - INFO - LSTM model loaded for SPY: models/SPY_lstm.keras
2025-11-09 17:24:01,254 - INFO - RF model loaded for SPY: models/SPY_rf.pkl
2025-11-09 17:24:01,261 - INFO - XGB model loaded for SPY: models/SPY_xgb.pkl
2025-11-09 17:24:01,429 - INFO - LSTM model loaded for SPY: models/SPY_lstm.keras
2025-11-09 17:24:01,885 - INFO - RF model loaded for SPY: models/SPY_rf.pkl
2025-11-09 17:24:01,892 - INFO - XGB model loaded for SPY: models/SPY_xgb.pkl
2025-11-09 17:24:02,052 - INFO - LSTM model loaded for SPY: models/SPY_lstm.keras
2025-11-09 17:24:02,590 - INFO - RF model loaded for SPY: models/SPY_rf.pkl
2025-11-09 17:24:02,598 - INFO - XGB model loaded for SPY: models/SPY_xgb.pkl
2025-11-09 17:24:02,764 - INFO - LSTM model loaded for SPY: models/SPY_lstm.keras
2025-11-09 17:24:03,223 - INFO - RF model loaded for SPY: models/SPY_rf.pkl
2025-11-09 17:24:03,230 - INFO - XGB model loaded for SPY: models/SPY_xgb.pkl
2025-11-09 17:24:03,398 - INFO - LSTM model loaded for SPY: models/SPY_lstm.keras
2025-11-09 17:24:04,006 - INFO - RF model loaded for SPY: models/SPY_rf.pkl
2025-11-09 17:24:04,012 - INFO - XGB model loaded for SPY: models/SPY_xgb.pkl
2025-11-09 17:24:04,264 - INFO - LSTM model loaded for SPY: models/SPY_lstm.keras
2025-11-09 17:24:04,731 - INFO - RF model loaded for SPY: models/SPY_rf.pkl
2025-11-09 17:24:04,737 - INFO - XGB model loaded for SPY: models/SPY_xgb.pkl
2025-11-09 17:24:04,909 - INFO - LSTM model loaded for SPY: models/SPY_lstm.keras
2025-11-09 17:24:05,392 - INFO - RF model loaded for SPY: models/SPY_rf.pkl
2025-11-09 17:24:05,400 - INFO - XGB model loaded for SPY: models/SPY_xgb.pkl
2025-11-09 17:24:05,598 - INFO - LSTM model loaded for SPY: models/SPY_lstm.keras
2025-11-09 17:24:06,095 - INFO - RF model loaded for SPY: models/SPY_rf.pkl
2025-11-09 17:24:06,102 - INFO - XGB model loaded for SPY: models/SPY_xgb.pkl
2025-11-09 17:24:06,390 - INFO - LSTM model loaded for SPY: models/SPY_lstm.keras
2025-11-09 17:24:06,890 - INFO - RF model loaded for SPY: models/SPY_rf.pkl
2025-11-09 17:24:06,898 - INFO - XGB model loaded for SPY: models/SPY_xgb.pkl
2025-11-09 17:24:07,079 - INFO - LSTM model loaded for SPY: models/SPY_lstm.keras
2025-11-09 17:24:07,634 - INFO - RF model loaded for SPY: models/SPY_rf.pkl
2025-11-09 17:24:07,641 - INFO - XGB model loaded for SPY: models/SPY_xgb.pkl
2025-11-09 17:24:07,806 - INFO - LSTM model loaded for SPY: models/SPY_lstm.keras
2025-11-09 17:24:08,263 - INFO - RF model loaded for SPY: models/SPY_rf.pkl
2025-11-09 17:24:08,270 - INFO - XGB model loaded for SPY: models/SPY_xgb.pkl
2025-11-09 17:24:08,531 - INFO - LSTM model loaded for SPY: models/SPY_lstm.keras
2025-11-09 17:24:08,987 - INFO - RF model loaded for SPY: models/SPY_rf.pkl
2025-11-09 17:24:08,995 - INFO - XGB model loaded for SPY: models/SPY_xgb.pkl
2025-11-09 17:24:09,166 - INFO - LSTM model loaded for SPY: models/SPY_lstm.keras
2025-11-09 17:24:09,620 - INFO - RF model loaded for SPY: models/SPY_rf.pkl
2025-11-09 17:24:09,628 - INFO - XGB model loaded for SPY: models/SPY_xgb.pkl
2025-11-09 17:24:09,798 - INFO - LSTM model loaded for SPY: models/SPY_lstm.keras
2025-11-09 17:24:10,719 - INFO - RF model loaded for SPY: models/SPY_rf.pkl
2025-11-09 17:24:10,727 - INFO - XGB model loaded for SPY: models/SPY_xgb.pkl
2025-11-09 17:24:10,896 - INFO - LSTM model loaded for SPY: models/SPY_lstm.keras
2025-11-09 17:24:11,361 - INFO - RF model loaded for SPY: models/SPY_rf.pkl
2025-11-09 17:24:11,369 - INFO - XGB model loaded for SPY: models/SPY_xgb.pkl
2025-11-09 17:24:11,598 - INFO - LSTM model loaded for SPY: models/SPY_lstm.keras
2025-11-09 17:24:12,072 - INFO - RF model loaded for SPY: models/SPY_rf.pkl
2025-11-09 17:24:12,079 - INFO - XGB model loaded for SPY: models/SPY_xgb.pkl
2025-11-09 17:24:12,249 - INFO - LSTM model loaded for SPY: models/SPY_lstm.keras
2025-11-09 17:24:12,798 - INFO - RF model loaded for SPY: models/SPY_rf.pkl
2025-11-09 17:24:12,805 - INFO - XGB model loaded for SPY: models/SPY_xgb.pkl
2025-11-09 17:24:12,974 - INFO - LSTM model loaded for SPY: models/SPY_lstm.keras
2025-11-09 17:24:13,426 - INFO - RF model loaded for SPY: models/SPY_rf.pkl
2025-11-09 17:24:13,435 - INFO - XGB model loaded for SPY: models/SPY_xgb.pkl
2025-11-09 17:24:13,691 - INFO - LSTM model loaded for SPY: models/SPY_lstm.keras
2025-11-09 17:24:14,152 - INFO - RF model loaded for SPY: models/SPY_rf.pkl
2025-11-09 17:24:14,160 - INFO - XGB model loaded for SPY: models/SPY_xgb.pkl
2025-11-09 17:24:14,330 - INFO - LSTM model loaded for SPY: models/SPY_lstm.keras
2025-11-09 17:24:14,901 - INFO - RF model loaded for SPY: models/SPY_rf.pkl
2025-11-09 17:24:14,909 - INFO - XGB model loaded for SPY: models/SPY_xgb.pkl
2025-11-09 17:24:15,274 - INFO - LSTM model loaded for SPY: models/SPY_lstm.keras
2025-11-09 17:24:15,756 - INFO - RF model loaded for SPY: models/SPY_rf.pkl
2025-11-09 17:24:15,764 - INFO - XGB model loaded for SPY: models/SPY_xgb.pkl
2025-11-09 17:24:15,994 - INFO - LSTM model loaded for SPY: models/SPY_lstm.keras
2025-11-09 17:24:16,461 - INFO - RF model loaded for SPY: models/SPY_rf.pkl
2025-11-09 17:24:16,470 - INFO - XGB model loaded for SPY: models/SPY_xgb.pkl
2025-11-09 17:24:16,658 - INFO - LSTM model loaded for SPY: models/SPY_lstm.keras
2025-11-09 17:24:17,123 - INFO - RF model loaded for SPY: models/SPY_rf.pkl
2025-11-09 17:24:17,130 - INFO - XGB model loaded for SPY: models/SPY_xgb.pkl
2025-11-09 17:24:17,372 - INFO - LSTM model loaded for SPY: models/SPY_lstm.keras
2025-11-09 17:24:17,830 - INFO - RF model loaded for SPY: models/SPY_rf.pkl
2025-11-09 17:24:17,836 - INFO - XGB model loaded for SPY: models/SPY_xgb.pkl
2025-11-09 17:24:18,024 - INFO - LSTM model loaded for SPY: models/SPY_lstm.keras
2025-11-09 17:24:18,636 - INFO - RF model loaded for SPY: models/SPY_rf.pkl
2025-11-09 17:24:18,644 - INFO - XGB model loaded for SPY: models/SPY_xgb.pkl
2025-11-09 17:24:18,812 - INFO - LSTM model loaded for SPY: models/SPY_lstm.keras
2025-11-09 17:24:19,278 - INFO - RF model loaded for SPY: models/SPY_rf.pkl
2025-11-09 17:24:19,284 - INFO - XGB model loaded for SPY: models/SPY_xgb.pkl
2025-11-09 17:24:19,465 - INFO - LSTM model loaded for SPY: models/SPY_lstm.keras
2025-11-09 17:24:20,039 - INFO - RF model loaded for SPY: models/SPY_rf.pkl
2025-11-09 17:24:20,048 - INFO - XGB model loaded for SPY: models/SPY_xgb.pkl
2025-11-09 17:24:20,228 - INFO - LSTM model loaded for SPY: models/SPY_lstm.keras
2025-11-09 17:24:20,841 - INFO - RF model loaded for SPY: models/SPY_rf.pkl
2025-11-09 17:24:20,848 - INFO - XGB model loaded for SPY: models/SPY_xgb.pkl
2025-11-09 17:24:21,040 - INFO - LSTM model loaded for SPY: models/SPY_lstm.keras
2025-11-09 17:24:21,590 - INFO - RF model loaded for SPY: models/SPY_rf.pkl
2025-11-09 17:24:21,598 - INFO - XGB model loaded for SPY: models/SPY_xgb.pkl
2025-11-09 17:24:21,777 - INFO - LSTM model loaded for SPY: models/SPY_lstm.keras
2025-11-09 17:24:22,236 - INFO - RF model loaded for SPY: models/SPY_rf.pkl
2025-11-09 17:24:22,243 - INFO - XGB model loaded for SPY: models/SPY_xgb.pkl
2025-11-09 17:24:22,419 - INFO - LSTM model loaded for SPY: models/SPY_lstm.keras
2025-11-09 17:24:22,978 - INFO - RF model loaded for SPY: models/SPY_rf.pkl
2025-11-09 17:24:22,986 - INFO - XGB model loaded for SPY: models/SPY_xgb.pkl
2025-11-09 17:24:23,163 - INFO - LSTM model loaded for SPY: models/SPY_lstm.keras
2025-11-09 17:24:23,624 - INFO - RF model loaded for SPY: models/SPY_rf.pkl
2025-11-09 17:24:23,633 - INFO - XGB model loaded for SPY: models/SPY_xgb.pkl
2025-11-09 17:24:23,809 - INFO - LSTM model loaded for SPY: models/SPY_lstm.keras
2025-11-09 17:24:25,200 - INFO - RF model loaded for SPY: models/SPY_rf.pkl
2025-11-09 17:24:25,207 - INFO - XGB model loaded for SPY: models/SPY_xgb.pkl
2025-11-09 17:24:25,404 - INFO - LSTM model loaded for SPY: models/SPY_lstm.keras
2025-11-09 17:24:25,967 - INFO - RF model loaded for SPY: models/SPY_rf.pkl
2025-11-09 17:24:25,975 - INFO - XGB model loaded for SPY: models/SPY_xgb.pkl
2025-11-09 17:24:26,319 - INFO - LSTM model loaded for SPY: models/SPY_lstm.keras
2025-11-09 17:24:26,866 - INFO - RF model loaded for SPY: models/SPY_rf.pkl
2025-11-09 17:24:26,874 - INFO - XGB model loaded for SPY: models/SPY_xgb.pkl
2025-11-09 17:24:27,194 - INFO - LSTM model loaded for SPY: models/SPY_lstm.keras
2025-11-09 17:24:27,766 - INFO - RF model loaded for SPY: models/SPY_rf.pkl
2025-11-09 17:24:27,776 - INFO - XGB model loaded for SPY: models/SPY_xgb.pkl
2025-11-09 17:24:28,176 - INFO - LSTM model loaded for SPY: models/SPY_lstm.keras
2025-11-09 17:24:28,667 - INFO - RF model loaded for SPY: models/SPY_rf.pkl
2025-11-09 17:24:28,674 - INFO - XGB model loaded for SPY: models/SPY_xgb.pkl
2025-11-09 17:24:28,940 - INFO - LSTM model loaded for SPY: models/SPY_lstm.keras
2025-11-09 17:24:29,404 - INFO - RF model loaded for SPY: models/SPY_rf.pkl
2025-11-09 17:24:29,411 - INFO - XGB model loaded for SPY: models/SPY_xgb.pkl
2025-11-09 17:24:29,672 - INFO - LSTM model loaded for SPY: models/SPY_lstm.keras
2025-11-09 17:24:30,146 - INFO - RF model loaded for SPY: models/SPY_rf.pkl
2025-11-09 17:24:30,156 - INFO - XGB model loaded for SPY: models/SPY_xgb.pkl
2025-11-09 17:24:30,477 - INFO - LSTM model loaded for SPY: models/SPY_lstm.keras
2025-11-09 17:24:30,989 - INFO - RF model loaded for SPY: models/SPY_rf.pkl
2025-11-09 17:24:30,996 - INFO - XGB model loaded for SPY: models/SPY_xgb.pkl
2025-11-09 17:24:31,260 - INFO - LSTM model loaded for SPY: models/SPY_lstm.keras
2025-11-09 17:24:31,738 - INFO - RF model loaded for SPY: models/SPY_rf.pkl
2025-11-09 17:24:31,748 - INFO - XGB model loaded for SPY: models/SPY_xgb.pkl
2025-11-09 17:24:32,009 - INFO - LSTM model loaded for SPY: models/SPY_lstm.keras
2025-11-09 17:24:32,487 - INFO - RF model loaded for SPY: models/SPY_rf.pkl
2025-11-09 17:24:32,495 - INFO - XGB model loaded for SPY: models/SPY_xgb.pkl
2025-11-09 17:24:32,868 - INFO - LSTM model loaded for SPY: models/SPY_lstm.keras
2025-11-09 17:24:33,334 - INFO - RF model loaded for SPY: models/SPY_rf.pkl
2025-11-09 17:24:33,341 - INFO - XGB model loaded for SPY: models/SPY_xgb.pkl
2025-11-09 17:24:33,610 - INFO - LSTM model loaded for SPY: models/SPY_lstm.keras
2025-11-09 17:24:34,078 - INFO - RF model loaded for SPY: models/SPY_rf.pkl
2025-11-09 17:24:34,085 - INFO - XGB model loaded for SPY: models/SPY_xgb.pkl
2025-11-09 17:24:34,367 - INFO - LSTM model loaded for SPY: models/SPY_lstm.keras
2025-11-09 17:24:34,889 - INFO - RF model loaded for SPY: models/SPY_rf.pkl
2025-11-09 17:24:34,899 - INFO - XGB model loaded for SPY: models/SPY_xgb.pkl
2025-11-09 17:24:35,182 - INFO - LSTM model loaded for SPY: models/SPY_lstm.keras
2025-11-09 17:24:35,760 - INFO - RF model loaded for SPY: models/SPY_rf.pkl
2025-11-09 17:24:35,768 - INFO - XGB model loaded for SPY: models/SPY_xgb.pkl
2025-11-09 17:24:35,960 - INFO - LSTM model loaded for SPY: models/SPY_lstm.keras
2025-11-09 17:24:36,611 - INFO - RF model loaded for SPY: models/SPY_rf.pkl
2025-11-09 17:24:36,618 - INFO - XGB model loaded for SPY: models/SPY_xgb.pkl
2025-11-09 17:24:36,875 - INFO - LSTM model loaded for SPY: models/SPY_lstm.keras
2025-11-09 17:24:37,604 - INFO - RF model loaded for SPY: models/SPY_rf.pkl
2025-11-09 17:24:37,613 - INFO - XGB model loaded for SPY: models/SPY_xgb.pkl
2025-11-09 17:24:37,830 - INFO - LSTM model loaded for SPY: models/SPY_lstm.keras
2025-11-09 17:24:38,379 - INFO - RF model loaded for SPY: models/SPY_rf.pkl
2025-11-09 17:24:38,387 - INFO - XGB model loaded for SPY: models/SPY_xgb.pkl
2025-11-09 17:24:38,601 - INFO - LSTM model loaded for SPY: models/SPY_lstm.keras
2025-11-09 17:24:39,214 - INFO - RF model loaded for SPY: models/SPY_rf.pkl
2025-11-09 17:24:39,222 - INFO - XGB model loaded for SPY: models/SPY_xgb.pkl
2025-11-09 17:24:39,529 - INFO - LSTM model loaded for SPY: models/SPY_lstm.keras
2025-11-09 17:24:40,047 - INFO - RF model loaded for SPY: models/SPY_rf.pkl
2025-11-09 17:24:40,056 - INFO - XGB model loaded for SPY: models/SPY_xgb.pkl
2025-11-09 17:24:40,708 - INFO - LSTM model loaded for SPY: models/SPY_lstm.keras
2025-11-09 17:24:41,489 - INFO - RF model loaded for SPY: models/SPY_rf.pkl
2025-11-09 17:24:41,497 - INFO - XGB model loaded for SPY: models/SPY_xgb.pkl
2025-11-09 17:24:41,715 - INFO - LSTM model loaded for SPY: models/SPY_lstm.keras
2025-11-09 17:24:42,267 - INFO - RF model loaded for SPY: models/SPY_rf.pkl
2025-11-09 17:24:42,277 - INFO - XGB model loaded for SPY: models/SPY_xgb.pkl
2025-11-09 17:24:42,494 - INFO - LSTM model loaded for SPY: models/SPY_lstm.keras
2025-11-09 17:24:43,183 - INFO - RF model loaded for SPY: models/SPY_rf.pkl
2025-11-09 17:24:43,196 - INFO - XGB model loaded for SPY: models/SPY_xgb.pkl
2025-11-09 17:24:43,461 - INFO - LSTM model loaded for SPY: models/SPY_lstm.keras
2025-11-09 17:24:44,093 - INFO - RF model loaded for SPY: models/SPY_rf.pkl
2025-11-09 17:24:44,101 - INFO - XGB model loaded for SPY: models/SPY_xgb.pkl
2025-11-09 17:24:44,345 - INFO - LSTM model loaded for SPY: models/SPY_lstm.keras
2025-11-09 17:24:45,152 - INFO - RF model loaded for SPY: models/SPY_rf.pkl
2025-11-09 17:24:45,161 - INFO - XGB model loaded for SPY: models/SPY_xgb.pkl
2025-11-09 17:24:45,392 - INFO - LSTM model loaded for SPY: models/SPY_lstm.keras
2025-11-09 17:24:46,044 - INFO - RF model loaded for SPY: models/SPY_rf.pkl
2025-11-09 17:24:46,052 - INFO - XGB model loaded for SPY: models/SPY_xgb.pkl
2025-11-09 17:24:46,421 - INFO - LSTM model loaded for SPY: models/SPY_lstm.keras
2025-11-09 17:24:47,057 - INFO - RF model loaded for SPY: models/SPY_rf.pkl
2025-11-09 17:24:47,066 - INFO - XGB model loaded for SPY: models/SPY_xgb.pkl
2025-11-09 17:24:47,399 - INFO - LSTM model loaded for SPY: models/SPY_lstm.keras
2025-11-09 17:24:48,400 - INFO - RF model loaded for SPY: models/SPY_rf.pkl
2025-11-09 17:24:48,410 - INFO - XGB model loaded for SPY: models/SPY_xgb.pkl
2025-11-09 17:24:48,814 - INFO - LSTM model loaded for SPY: models/SPY_lstm.keras
2025-11-09 17:24:49,424 - INFO - RF model loaded for SPY: models/SPY_rf.pkl
2025-11-09 17:24:49,435 - INFO - XGB model loaded for SPY: models/SPY_xgb.pkl
2025-11-09 17:24:49,791 - INFO - LSTM model loaded for SPY: models/SPY_lstm.keras
2025-11-09 17:24:50,535 - INFO - RF model loaded for SPY: models/SPY_rf.pkl
2025-11-09 17:24:50,543 - INFO - XGB model loaded for SPY: models/SPY_xgb.pkl
2025-11-09 17:24:50,904 - INFO - LSTM model loaded for SPY: models/SPY_lstm.keras
2025-11-09 17:24:51,395 - INFO - RF model loaded for SPY: models/SPY_rf.pkl
2025-11-09 17:24:51,403 - INFO - XGB model loaded for SPY: models/SPY_xgb.pkl
2025-11-09 17:24:51,621 - INFO - LSTM model loaded for SPY: models/SPY_lstm.keras
2025-11-09 17:24:52,302 - INFO - RF model loaded for SPY: models/SPY_rf.pkl
2025-11-09 17:24:52,309 - INFO - XGB model loaded for SPY: models/SPY_xgb.pkl
2025-11-09 17:24:52,490 - INFO - LSTM model loaded for SPY: models/SPY_lstm.keras
2025-11-09 17:24:53,102 - INFO - RF model loaded for SPY: models/SPY_rf.pkl
2025-11-09 17:24:53,110 - INFO - XGB model loaded for SPY: models/SPY_xgb.pkl
2025-11-09 17:24:53,320 - INFO - LSTM model loaded for SPY: models/SPY_lstm.keras
2025-11-09 17:24:54,017 - INFO - RF model loaded for SPY: models/SPY_rf.pkl
2025-11-09 17:24:54,024 - INFO - XGB model loaded for SPY: models/SPY_xgb.pkl
2025-11-09 17:24:54,210 - INFO - LSTM model loaded for SPY: models/SPY_lstm.keras
2025-11-09 17:24:54,819 - INFO - RF model loaded for SPY: models/SPY_rf.pkl
2025-11-09 17:24:54,826 - INFO - XGB model loaded for SPY: models/SPY_xgb.pkl
2025-11-09 17:24:55,154 - INFO - LSTM model loaded for SPY: models/SPY_lstm.keras
2025-11-09 17:24:55,696 - INFO - RF model loaded for SPY: models/SPY_rf.pkl
2025-11-09 17:24:55,703 - INFO - XGB model loaded for SPY: models/SPY_xgb.pkl
2025-11-09 17:24:55,991 - INFO - LSTM model loaded for SPY: models/SPY_lstm.keras
2025-11-09 17:24:56,515 - INFO - RF model loaded for SPY: models/SPY_rf.pkl
2025-11-09 17:24:56,522 - INFO - XGB model loaded for SPY: models/SPY_xgb.pkl
2025-11-09 17:24:56,865 - INFO - LSTM model loaded for SPY: models/SPY_lstm.keras
2025-11-09 17:24:57,596 - INFO - RF model loaded for SPY: models/SPY_rf.pkl
2025-11-09 17:24:57,604 - INFO - XGB model loaded for SPY: models/SPY_xgb.pkl
2025-11-09 17:24:57,918 - INFO - LSTM model loaded for SPY: models/SPY_lstm.keras
2025-11-09 17:24:58,458 - INFO - RF model loaded for SPY: models/SPY_rf.pkl
2025-11-09 17:24:58,466 - INFO - XGB model loaded for SPY: models/SPY_xgb.pkl
2025-11-09 17:24:59,040 - INFO - LSTM model loaded for SPY: models/SPY_lstm.keras
2025-11-09 17:24:59,517 - INFO - RF model loaded for SPY: models/SPY_rf.pkl
2025-11-09 17:24:59,526 - INFO - XGB model loaded for SPY: models/SPY_xgb.pkl
2025-11-09 17:24:59,704 - INFO - LSTM model loaded for SPY: models/SPY_lstm.keras
2025-11-09 17:25:00,318 - INFO - RF model loaded for SPY: models/SPY_rf.pkl
2025-11-09 17:25:00,333 - INFO - XGB model loaded for SPY: models/SPY_xgb.pkl
2025-11-09 17:25:00,656 - INFO - LSTM model loaded for SPY: models/SPY_lstm.keras
2025-11-09 17:25:01,296 - INFO - RF model loaded for SPY: models/SPY_rf.pkl
2025-11-09 17:25:01,303 - INFO - XGB model loaded for SPY: models/SPY_xgb.pkl
2025-11-09 17:25:01,524 - INFO - LSTM model loaded for SPY: models/SPY_lstm.keras
2025-11-09 17:25:02,232 - INFO - RF model loaded for SPY: models/SPY_rf.pkl
2025-11-09 17:25:02,250 - INFO - XGB model loaded for SPY: models/SPY_xgb.pkl
2025-11-09 17:25:02,554 - INFO - LSTM model loaded for SPY: models/SPY_lstm.keras
2025-11-09 17:25:03,183 - INFO - RF model loaded for SPY: models/SPY_rf.pkl
2025-11-09 17:25:03,212 - INFO - XGB model loaded for SPY: models/SPY_xgb.pkl
2025-11-09 17:25:03,421 - INFO - LSTM model loaded for SPY: models/SPY_lstm.keras
2025-11-09 17:25:04,143 - INFO - RF model loaded for SPY: models/SPY_rf.pkl
2025-11-09 17:25:04,150 - INFO - XGB model loaded for SPY: models/SPY_xgb.pkl
2025-11-09 17:25:04,410 - INFO - LSTM model loaded for SPY: models/SPY_lstm.keras
2025-11-09 17:25:05,115 - INFO - RF model loaded for SPY: models/SPY_rf.pkl
2025-11-09 17:25:05,123 - INFO - XGB model loaded for SPY: models/SPY_xgb.pkl
2025-11-09 17:25:05,332 - INFO - LSTM model loaded for SPY: models/SPY_lstm.keras
2025-11-09 17:25:06,049 - INFO - RF model loaded for SPY: models/SPY_rf.pkl
2025-11-09 17:25:06,057 - INFO - XGB model loaded for SPY: models/SPY_xgb.pkl
2025-11-09 17:25:06,309 - INFO - LSTM model loaded for SPY: models/SPY_lstm.keras
2025-11-09 17:25:06,881 - INFO - RF model loaded for SPY: models/SPY_rf.pkl
2025-11-09 17:25:06,888 - INFO - XGB model loaded for SPY: models/SPY_xgb.pkl
2025-11-09 17:25:07,107 - INFO - LSTM model loaded for SPY: models/SPY_lstm.keras
2025-11-09 17:25:07,786 - INFO - RF model loaded for SPY: models/SPY_rf.pkl
2025-11-09 17:25:07,830 - INFO - XGB model loaded for SPY: models/SPY_xgb.pkl
2025-11-09 17:25:08,004 - INFO - LSTM model loaded for SPY: models/SPY_lstm.keras
2025-11-09 17:25:08,784 - INFO - RF model loaded for SPY: models/SPY_rf.pkl
2025-11-09 17:25:08,796 - INFO - XGB model loaded for SPY: models/SPY_xgb.pkl
2025-11-09 17:25:08,994 - INFO - LSTM model loaded for SPY: models/SPY_lstm.keras
2025-11-09 17:25:09,734 - INFO - RF model loaded for SPY: models/SPY_rf.pkl
2025-11-09 17:25:09,742 - INFO - XGB model loaded for SPY: models/SPY_xgb.pkl
2025-11-09 17:25:09,966 - INFO - LSTM model loaded for SPY: models/SPY_lstm.keras
2025-11-09 17:25:10,697 - INFO - RF model loaded for SPY: models/SPY_rf.pkl
2025-11-09 17:25:10,704 - INFO - XGB model loaded for SPY: models/SPY_xgb.pkl
2025-11-09 17:25:10,906 - INFO - LSTM model loaded for SPY: models/SPY_lstm.keras
2025-11-09 17:25:11,683 - INFO - RF model loaded for SPY: models/SPY_rf.pkl
2025-11-09 17:25:11,692 - INFO - XGB model loaded for SPY: models/SPY_xgb.pkl
2025-11-09 17:25:11,914 - INFO - LSTM model loaded for SPY: models/SPY_lstm.keras
2025-11-09 17:25:12,474 - INFO - RF model loaded for SPY: models/SPY_rf.pkl
2025-11-09 17:25:12,481 - INFO - XGB model loaded for SPY: models/SPY_xgb.pkl
2025-11-09 17:25:12,655 - INFO - LSTM model loaded for SPY: models/SPY_lstm.keras
2025-11-09 17:25:13,268 - INFO - RF model loaded for SPY: models/SPY_rf.pkl
2025-11-09 17:25:13,277 - INFO - XGB model loaded for SPY: models/SPY_xgb.pkl
2025-11-09 17:25:13,505 - INFO - LSTM model loaded for SPY: models/SPY_lstm.keras
2025-11-09 17:25:14,000 - INFO - RF model loaded for SPY: models/SPY_rf.pkl
2025-11-09 17:25:14,007 - INFO - XGB model loaded for SPY: models/SPY_xgb.pkl
2025-11-09 17:25:14,296 - INFO - LSTM model loaded for SPY: models/SPY_lstm.keras
2025-11-09 17:25:14,830 - INFO - RF model loaded for SPY: models/SPY_rf.pkl
2025-11-09 17:25:14,838 - INFO - XGB model loaded for SPY: models/SPY_xgb.pkl
2025-11-09 17:25:15,085 - INFO - LSTM model loaded for SPY: models/SPY_lstm.keras
2025-11-09 17:25:15,806 - INFO - RF model loaded for SPY: models/SPY_rf.pkl
2025-11-09 17:25:15,813 - INFO - XGB model loaded for SPY: models/SPY_xgb.pkl
2025-11-09 17:25:16,512 - INFO - LSTM model loaded for SPY: models/SPY_lstm.keras
2025-11-09 17:25:17,174 - INFO - RF model loaded for SPY: models/SPY_rf.pkl
2025-11-09 17:25:17,182 - INFO - XGB model loaded for SPY: models/SPY_xgb.pkl
2025-11-09 17:25:17,494 - INFO - LSTM model loaded for SPY: models/SPY_lstm.keras
2025-11-09 17:25:18,271 - INFO - RF model loaded for SPY: models/SPY_rf.pkl
2025-11-09 17:25:18,288 - INFO - XGB model loaded for SPY: models/SPY_xgb.pkl
2025-11-09 17:25:18,483 - INFO - LSTM model loaded for SPY: models/SPY_lstm.keras
2025-11-09 17:25:19,207 - INFO - RF model loaded for SPY: models/SPY_rf.pkl
2025-11-09 17:25:19,225 - INFO - XGB model loaded for SPY: models/SPY_xgb.pkl
2025-11-09 17:25:19,536 - INFO - LSTM model loaded for SPY: models/SPY_lstm.keras
2025-11-09 17:25:20,165 - INFO - RF model loaded for SPY: models/SPY_rf.pkl
2025-11-09 17:25:20,171 - INFO - XGB model loaded for SPY: models/SPY_xgb.pkl
2025-11-09 17:25:20,351 - INFO - LSTM model loaded for SPY: models/SPY_lstm.keras
2025-11-09 17:25:20,873 - INFO - RF model loaded for SPY: models/SPY_rf.pkl
2025-11-09 17:25:20,882 - INFO - XGB model loaded for SPY: models/SPY_xgb.pkl
2025-11-09 17:25:21,135 - INFO - LSTM model loaded for SPY: models/SPY_lstm.keras
2025-11-09 17:25:21,774 - INFO - RF model loaded for SPY: models/SPY_rf.pkl
2025-11-09 17:25:21,795 - INFO - XGB model loaded for SPY: models/SPY_xgb.pkl
2025-11-09 17:25:21,978 - INFO - LSTM model loaded for SPY: models/SPY_lstm.keras
2025-11-09 17:25:22,499 - INFO - RF model loaded for SPY: models/SPY_rf.pkl
2025-11-09 17:25:22,505 - INFO - XGB model loaded for SPY: models/SPY_xgb.pkl
2025-11-09 17:25:22,697 - INFO - LSTM model loaded for SPY: models/SPY_lstm.keras
2025-11-09 17:25:23,223 - INFO - RF model loaded for SPY: models/SPY_rf.pkl
2025-11-09 17:25:23,231 - INFO - XGB model loaded for SPY: models/SPY_xgb.pkl
2025-11-09 17:25:23,423 - INFO - LSTM model loaded for SPY: models/SPY_lstm.keras
2025-11-09 17:25:23,964 - INFO - RF model loaded for SPY: models/SPY_rf.pkl
2025-11-09 17:25:23,970 - INFO - XGB model loaded for SPY: models/SPY_xgb.pkl
2025-11-09 17:25:24,187 - INFO - LSTM model loaded for SPY: models/SPY_lstm.keras
2025-11-09 17:25:24,715 - INFO - RF model loaded for SPY: models/SPY_rf.pkl
2025-11-09 17:25:24,723 - INFO - XGB model loaded for SPY: models/SPY_xgb.pkl
2025-11-09 17:25:25,128 - INFO - LSTM model loaded for SPY: models/SPY_lstm.keras
2025-11-09 17:25:25,713 - INFO - RF model loaded for SPY: models/SPY_rf.pkl
2025-11-09 17:25:25,721 - INFO - XGB model loaded for SPY: models/SPY_xgb.pkl
2025-11-09 17:25:25,902 - INFO - LSTM model loaded for SPY: models/SPY_lstm.keras
2025-11-09 17:25:26,418 - INFO - RF model loaded for SPY: models/SPY_rf.pkl
2025-11-09 17:25:26,433 - INFO - XGB model loaded for SPY: models/SPY_xgb.pkl
2025-11-09 17:25:26,713 - INFO - LSTM model loaded for SPY: models/SPY_lstm.keras
2025-11-09 17:25:27,310 - INFO - RF model loaded for SPY: models/SPY_rf.pkl
2025-11-09 17:25:27,319 - INFO - XGB model loaded for SPY: models/SPY_xgb.pkl
2025-11-09 17:25:27,661 - INFO - LSTM model loaded for SPY: models/SPY_lstm.keras
2025-11-09 17:25:28,366 - INFO - RF model loaded for SPY: models/SPY_rf.pkl
2025-11-09 17:25:28,374 - INFO - XGB model loaded for SPY: models/SPY_xgb.pkl
2025-11-09 17:25:28,591 - INFO - LSTM model loaded for SPY: models/SPY_lstm.keras
2025-11-09 17:25:29,153 - INFO - RF model loaded for SPY: models/SPY_rf.pkl
2025-11-09 17:25:29,167 - INFO - XGB model loaded for SPY: models/SPY_xgb.pkl
2025-11-09 17:25:29,521 - INFO - LSTM model loaded for SPY: models/SPY_lstm.keras
2025-11-09 17:25:30,027 - INFO - RF model loaded for SPY: models/SPY_rf.pkl
2025-11-09 17:25:30,033 - INFO - XGB model loaded for SPY: models/SPY_xgb.pkl
2025-11-09 17:25:30,236 - INFO - LSTM model loaded for SPY: models/SPY_lstm.keras
2025-11-09 17:25:30,927 - INFO - RF model loaded for SPY: models/SPY_rf.pkl
2025-11-09 17:25:30,934 - INFO - XGB model loaded for SPY: models/SPY_xgb.pkl
2025-11-09 17:25:31,117 - INFO - LSTM model loaded for SPY: models/SPY_lstm.keras
2025-11-09 17:25:31,610 - INFO - RF model loaded for SPY: models/SPY_rf.pkl
2025-11-09 17:25:31,617 - INFO - XGB model loaded for SPY: models/SPY_xgb.pkl
2025-11-09 17:25:31,941 - INFO - LSTM model loaded for SPY: models/SPY_lstm.keras
2025-11-09 17:25:33,136 - INFO - RF model loaded for SPY: models/SPY_rf.pkl
2025-11-09 17:25:33,157 - INFO - XGB model loaded for SPY: models/SPY_xgb.pkl
2025-11-09 17:25:33,350 - INFO - LSTM model loaded for SPY: models/SPY_lstm.keras
2025-11-09 17:25:33,841 - INFO - RF model loaded for SPY: models/SPY_rf.pkl
2025-11-09 17:25:33,848 - INFO - XGB model loaded for SPY: models/SPY_xgb.pkl
2025-11-09 17:25:34,026 - INFO - LSTM model loaded for SPY: models/SPY_lstm.keras
2025-11-09 17:25:34,623 - INFO - RF model loaded for SPY: models/SPY_rf.pkl
2025-11-09 17:25:34,631 - INFO - XGB model loaded for SPY: models/SPY_xgb.pkl
2025-11-09 17:25:34,810 - INFO - LSTM model loaded for SPY: models/SPY_lstm.keras
2025-11-09 17:25:35,422 - INFO - RF model loaded for SPY: models/SPY_rf.pkl
2025-11-09 17:25:35,429 - INFO - XGB model loaded for SPY: models/SPY_xgb.pkl
2025-11-09 17:25:35,617 - INFO - LSTM model loaded for SPY: models/SPY_lstm.keras
2025-11-09 17:25:36,187 - INFO - RF model loaded for SPY: models/SPY_rf.pkl
2025-11-09 17:25:36,195 - INFO - XGB model loaded for SPY: models/SPY_xgb.pkl
2025-11-09 17:25:36,416 - INFO - LSTM model loaded for SPY: models/SPY_lstm.keras
2025-11-09 17:25:36,995 - INFO - RF model loaded for SPY: models/SPY_rf.pkl
2025-11-09 17:25:37,028 - INFO - XGB model loaded for SPY: models/SPY_xgb.pkl
2025-11-09 17:25:37,249 - INFO - LSTM model loaded for SPY: models/SPY_lstm.keras
2025-11-09 17:25:37,784 - INFO - RF model loaded for SPY: models/SPY_rf.pkl
2025-11-09 17:25:37,793 - INFO - XGB model loaded for SPY: models/SPY_xgb.pkl
2025-11-09 17:25:37,983 - INFO - LSTM model loaded for SPY: models/SPY_lstm.keras
2025-11-09 17:25:38,507 - INFO - RF model loaded for SPY: models/SPY_rf.pkl
2025-11-09 17:25:38,514 - INFO - XGB model loaded for SPY: models/SPY_xgb.pkl
2025-11-09 17:25:38,720 - INFO - LSTM model loaded for SPY: models/SPY_lstm.keras
2025-11-09 17:25:39,240 - INFO - RF model loaded for SPY: models/SPY_rf.pkl
2025-11-09 17:25:39,248 - INFO - XGB model loaded for SPY: models/SPY_xgb.pkl
2025-11-09 17:25:39,447 - INFO - LSTM model loaded for SPY: models/SPY_lstm.keras
2025-11-09 17:25:40,101 - INFO - RF model loaded for SPY: models/SPY_rf.pkl
2025-11-09 17:25:40,108 - INFO - XGB model loaded for SPY: models/SPY_xgb.pkl
2025-11-09 17:25:40,307 - INFO - LSTM model loaded for SPY: models/SPY_lstm.keras
2025-11-09 17:25:40,784 - INFO - RF model loaded for SPY: models/SPY_rf.pkl
2025-11-09 17:25:40,793 - INFO - XGB model loaded for SPY: models/SPY_xgb.pkl
2025-11-09 17:25:40,979 - INFO - LSTM model loaded for SPY: models/SPY_lstm.keras
2025-11-09 17:25:41,723 - INFO - RF model loaded for SPY: models/SPY_rf.pkl
2025-11-09 17:25:41,738 - INFO - XGB model loaded for SPY: models/SPY_xgb.pkl
2025-11-09 17:25:41,940 - INFO - LSTM model loaded for SPY: models/SPY_lstm.keras
2025-11-09 17:25:42,534 - INFO - RF model loaded for SPY: models/SPY_rf.pkl
2025-11-09 17:25:42,544 - INFO - XGB model loaded for SPY: models/SPY_xgb.pkl
2025-11-09 17:25:42,810 - INFO - LSTM model loaded for SPY: models/SPY_lstm.keras
2025-11-09 17:25:43,414 - INFO - RF model loaded for SPY: models/SPY_rf.pkl
2025-11-09 17:25:43,422 - INFO - XGB model loaded for SPY: models/SPY_xgb.pkl
2025-11-09 17:25:43,638 - INFO - LSTM model loaded for SPY: models/SPY_lstm.keras
2025-11-09 17:25:44,280 - INFO - RF model loaded for SPY: models/SPY_rf.pkl
2025-11-09 17:25:44,290 - INFO - XGB model loaded for SPY: models/SPY_xgb.pkl
2025-11-09 17:25:44,573 - INFO - LSTM model loaded for SPY: models/SPY_lstm.keras
2025-11-09 17:25:45,404 - INFO - RF model loaded for SPY: models/SPY_rf.pkl
2025-11-09 17:25:45,423 - INFO - XGB model loaded for SPY: models/SPY_xgb.pkl
2025-11-09 17:25:45,710 - INFO - LSTM model loaded for SPY: models/SPY_lstm.keras
2025-11-09 17:25:46,222 - INFO - RF model loaded for SPY: models/SPY_rf.pkl
2025-11-09 17:25:46,229 - INFO - XGB model loaded for SPY: models/SPY_xgb.pkl
2025-11-09 17:25:46,437 - INFO - LSTM model loaded for SPY: models/SPY_lstm.keras
2025-11-09 17:25:47,116 - INFO - RF model loaded for SPY: models/SPY_rf.pkl
2025-11-09 17:25:47,123 - INFO - XGB model loaded for SPY: models/SPY_xgb.pkl
2025-11-09 17:25:47,316 - INFO - LSTM model loaded for SPY: models/SPY_lstm.keras
2025-11-09 17:25:48,071 - INFO - RF model loaded for SPY: models/SPY_rf.pkl
2025-11-09 17:25:48,081 - INFO - XGB model loaded for SPY: models/SPY_xgb.pkl
2025-11-09 17:25:48,305 - INFO - LSTM model loaded for SPY: models/SPY_lstm.keras
2025-11-09 17:25:49,466 - INFO - RF model loaded for SPY: models/SPY_rf.pkl
2025-11-09 17:25:49,487 - INFO - XGB model loaded for SPY: models/SPY_xgb.pkl
2025-11-09 17:25:49,716 - INFO - LSTM model loaded for SPY: models/SPY_lstm.keras
2025-11-09 17:25:50,487 - INFO - RF model loaded for SPY: models/SPY_rf.pkl
2025-11-09 17:25:50,498 - INFO - XGB model loaded for SPY: models/SPY_xgb.pkl
2025-11-09 17:25:50,742 - INFO - LSTM model loaded for SPY: models/SPY_lstm.keras
2025-11-09 17:25:51,385 - INFO - RF model loaded for SPY: models/SPY_rf.pkl
2025-11-09 17:25:51,393 - INFO - XGB model loaded for SPY: models/SPY_xgb.pkl
2025-11-09 17:25:51,588 - INFO - LSTM model loaded for SPY: models/SPY_lstm.keras
2025-11-09 17:25:52,151 - INFO - RF model loaded for SPY: models/SPY_rf.pkl
2025-11-09 17:25:52,159 - INFO - XGB model loaded for SPY: models/SPY_xgb.pkl
2025-11-09 17:25:52,339 - INFO - LSTM model loaded for SPY: models/SPY_lstm.keras
2025-11-09 17:25:52,851 - INFO - RF model loaded for SPY: models/SPY_rf.pkl
2025-11-09 17:25:52,858 - INFO - XGB model loaded for SPY: models/SPY_xgb.pkl
2025-11-09 17:25:53,046 - INFO - LSTM model loaded for SPY: models/SPY_lstm.keras
2025-11-09 17:25:53,596 - INFO - RF model loaded for SPY: models/SPY_rf.pkl
2025-11-09 17:25:53,603 - INFO - XGB model loaded for SPY: models/SPY_xgb.pkl
2025-11-09 17:25:53,781 - INFO - LSTM model loaded for SPY: models/SPY_lstm.keras
2025-11-09 17:25:54,341 - INFO - RF model loaded for SPY: models/SPY_rf.pkl
2025-11-09 17:25:54,358 - INFO - XGB model loaded for SPY: models/SPY_xgb.pkl
2025-11-09 17:25:54,587 - INFO - LSTM model loaded for SPY: models/SPY_lstm.keras
2025-11-09 17:25:55,147 - INFO - RF model loaded for SPY: models/SPY_rf.pkl
2025-11-09 17:25:55,155 - INFO - XGB model loaded for SPY: models/SPY_xgb.pkl
2025-11-09 17:25:55,330 - INFO - LSTM model loaded for SPY: models/SPY_lstm.keras
2025-11-09 17:25:55,895 - INFO - RF model loaded for SPY: models/SPY_rf.pkl
2025-11-09 17:25:55,904 - INFO - XGB model loaded for SPY: models/SPY_xgb.pkl
2025-11-09 17:25:56,148 - INFO - LSTM model loaded for SPY: models/SPY_lstm.keras
2025-11-09 17:25:56,928 - INFO - RF model loaded for SPY: models/SPY_rf.pkl
2025-11-09 17:25:56,938 - INFO - XGB model loaded for SPY: models/SPY_xgb.pkl
2025-11-09 17:25:57,172 - INFO - LSTM model loaded for SPY: models/SPY_lstm.keras
2025-11-09 17:25:57,751 - INFO - RF model loaded for SPY: models/SPY_rf.pkl
2025-11-09 17:25:57,758 - INFO - XGB model loaded for SPY: models/SPY_xgb.pkl
2025-11-09 17:25:57,941 - INFO - LSTM model loaded for SPY: models/SPY_lstm.keras
2025-11-09 17:25:58,667 - INFO - RF model loaded for SPY: models/SPY_rf.pkl
2025-11-09 17:25:58,680 - INFO - XGB model loaded for SPY: models/SPY_xgb.pkl
2025-11-09 17:25:58,987 - INFO - LSTM model loaded for SPY: models/SPY_lstm.keras
2025-11-09 17:25:59,716 - INFO - RF model loaded for SPY: models/SPY_rf.pkl
2025-11-09 17:25:59,727 - INFO - XGB model loaded for SPY: models/SPY_xgb.pkl
2025-11-09 17:26:00,046 - INFO - LSTM model loaded for SPY: models/SPY_lstm.keras
2025-11-09 17:26:00,904 - INFO - RF model loaded for SPY: models/SPY_rf.pkl
2025-11-09 17:26:00,913 - INFO - XGB model loaded for SPY: models/SPY_xgb.pkl
2025-11-09 17:26:01,213 - INFO - LSTM model loaded for SPY: models/SPY_lstm.keras
2025-11-09 17:26:01,957 - INFO - RF model loaded for SPY: models/SPY_rf.pkl
2025-11-09 17:26:01,975 - INFO - XGB model loaded for SPY: models/SPY_xgb.pkl
2025-11-09 17:26:02,200 - INFO - LSTM model loaded for SPY: models/SPY_lstm.keras
2025-11-09 17:26:02,930 - INFO - RF model loaded for SPY: models/SPY_rf.pkl
2025-11-09 17:26:02,937 - INFO - XGB model loaded for SPY: models/SPY_xgb.pkl
2025-11-09 17:26:03,136 - INFO - LSTM model loaded for SPY: models/SPY_lstm.keras
2025-11-09 17:26:03,858 - INFO - RF model loaded for SPY: models/SPY_rf.pkl
2025-11-09 17:26:03,866 - INFO - XGB model loaded for SPY: models/SPY_xgb.pkl
2025-11-09 17:26:04,105 - INFO - LSTM model loaded for SPY: models/SPY_lstm.keras
2025-11-09 17:26:04,675 - INFO - RF model loaded for SPY: models/SPY_rf.pkl
2025-11-09 17:26:04,683 - INFO - XGB model loaded for SPY: models/SPY_xgb.pkl
2025-11-09 17:26:04,910 - INFO - LSTM model loaded for SPY: models/SPY_lstm.keras
2025-11-09 17:26:05,595 - INFO - RF model loaded for SPY: models/SPY_rf.pkl
2025-11-09 17:26:05,602 - INFO - XGB model loaded for SPY: models/SPY_xgb.pkl
2025-11-09 17:26:05,870 - INFO - LSTM model loaded for SPY: models/SPY_lstm.keras
2025-11-09 17:26:07,112 - INFO - RF model loaded for SPY: models/SPY_rf.pkl
2025-11-09 17:26:07,122 - INFO - XGB model loaded for SPY: models/SPY_xgb.pkl
2025-11-09 17:26:07,306 - INFO - LSTM model loaded for SPY: models/SPY_lstm.keras
2025-11-09 17:26:07,962 - INFO - RF model loaded for SPY: models/SPY_rf.pkl
2025-11-09 17:26:07,969 - INFO - XGB model loaded for SPY: models/SPY_xgb.pkl
2025-11-09 17:26:08,204 - INFO - LSTM model loaded for SPY: models/SPY_lstm.keras
2025-11-09 17:26:08,860 - INFO - RF model loaded for SPY: models/SPY_rf.pkl
2025-11-09 17:26:08,868 - INFO - XGB model loaded for SPY: models/SPY_xgb.pkl
2025-11-09 17:26:09,080 - INFO - LSTM model loaded for SPY: models/SPY_lstm.keras
2025-11-09 17:26:09,667 - INFO - RF model loaded for SPY: models/SPY_rf.pkl
2025-11-09 17:26:09,681 - INFO - XGB model loaded for SPY: models/SPY_xgb.pkl
2025-11-09 17:26:10,002 - INFO - LSTM model loaded for SPY: models/SPY_lstm.keras
2025-11-09 17:26:10,653 - INFO - RF model loaded for SPY: models/SPY_rf.pkl
2025-11-09 17:26:10,661 - INFO - XGB model loaded for SPY: models/SPY_xgb.pkl
2025-11-09 17:26:10,892 - INFO - LSTM model loaded for SPY: models/SPY_lstm.keras
2025-11-09 17:26:11,617 - INFO - RF model loaded for SPY: models/SPY_rf.pkl
2025-11-09 17:26:11,628 - INFO - XGB model loaded for SPY: models/SPY_xgb.pkl
2025-11-09 17:26:11,820 - INFO - LSTM model loaded for SPY: models/SPY_lstm.keras
2025-11-09 17:26:12,399 - INFO - RF model loaded for SPY: models/SPY_rf.pkl
2025-11-09 17:26:12,407 - INFO - XGB model loaded for SPY: models/SPY_xgb.pkl
2025-11-09 17:26:12,619 - INFO - LSTM model loaded for SPY: models/SPY_lstm.keras
2025-11-09 17:37:51,211 - INFO - RF model loaded for SPY: models/SPY_rf.pkl
2025-11-09 17:37:51,221 - INFO - XGB model loaded for SPY: models/SPY_xgb.pkl
2025-11-09 17:37:51,448 - INFO - LSTM model loaded for SPY: models/SPY_lstm.keras
2025-11-09 17:37:51,947 - INFO - RF model loaded for SPY: models/SPY_rf.pkl
2025-11-09 17:37:51,958 - INFO - XGB model loaded for SPY: models/SPY_xgb.pkl
2025-11-09 17:37:52,130 - INFO - LSTM model loaded for SPY: models/SPY_lstm.keras
2025-11-09 17:37:52,677 - INFO - RF model loaded for SPY: models/SPY_rf.pkl
2025-11-09 17:37:52,686 - INFO - XGB model loaded for SPY: models/SPY_xgb.pkl
2025-11-09 17:37:52,880 - INFO - LSTM model loaded for SPY: models/SPY_lstm.keras
2025-11-09 17:37:53,472 - INFO - RF model loaded for SPY: models/SPY_rf.pkl
2025-11-09 17:37:53,484 - INFO - XGB model loaded for SPY: models/SPY_xgb.pkl
2025-11-09 17:37:53,736 - INFO - LSTM model loaded for SPY: models/SPY_lstm.keras
2025-11-09 17:37:54,376 - INFO - RF model loaded for SPY: models/SPY_rf.pkl
2025-11-09 17:37:54,391 - INFO - XGB model loaded for SPY: models/SPY_xgb.pkl
2025-11-09 17:37:54,638 - INFO - LSTM model loaded for SPY: models/SPY_lstm.keras
2025-11-09 17:37:55,241 - INFO - RF model loaded for SPY: models/SPY_rf.pkl
2025-11-09 17:37:55,251 - INFO - XGB model loaded for SPY: models/SPY_xgb.pkl
2025-11-09 17:37:55,459 - INFO - LSTM model loaded for SPY: models/SPY_lstm.keras
2025-11-09 17:42:48,822 - INFO - Fetched 249 bars for SPY
2025-11-09 17:42:49,561 - INFO - RF model trained for SPY: accuracy=0.846
2025-11-09 17:42:49,629 - INFO - RF model saved for SPY: models/SPY_rf.pkl
2025-11-09 17:42:50,659 - INFO - XGB model trained for SPY: accuracy=1.000
2025-11-09 17:42:50,684 - INFO - XGB model saved for SPY: models/SPY_xgb.pkl
2025-11-09 17:43:11,524 - INFO - LSTM model trained for SPY
2025-11-09 17:43:12,059 - INFO - LSTM model saved for SPY: models/SPY_lstm.keras
2025-11-09 17:43:12,095 - INFO - RF model loaded for SPY: models/SPY_rf.pkl
2025-11-09 17:43:12,104 - INFO - XGB model loaded for SPY: models/SPY_xgb.pkl
2025-11-09 17:43:12,380 - INFO - LSTM model loaded for SPY: models/SPY_lstm.keras
2025-11-09 17:43:13,355 - INFO - Order placed: BUY 10 SPY
2025-11-09 17:43:13,441 - INFO - Order 88a919f7-5dda-4e56-9818-72e00d08c33f status: OrderStatus.ACCEPTED
2025-11-09 17:43:13,526 - INFO - Order 88a919f7-5dda-4e56-9818-72e00d08c33f cancelled
2025-11-09 17:43:13,667 - INFO - Fetched 69 bars for SPY
2025-11-09 17:43:13,723 - INFO - RF model loaded for SPY: models/SPY_rf.pkl
2025-11-09 17:43:13,731 - INFO - XGB model loaded for SPY: models/SPY_xgb.pkl
2025-11-09 17:43:13,917 - INFO - LSTM model loaded for SPY: models/SPY_lstm.keras
2025-11-09 17:43:31,568 - INFO - RF model loaded for SPY: models/SPY_rf.pkl
2025-11-09 17:43:31,581 - INFO - XGB model loaded for SPY: models/SPY_xgb.pkl
2025-11-09 17:43:31,756 - INFO - LSTM model loaded for SPY: models/SPY_lstm.keras
2025-11-09 17:43:50,759 - INFO - Using cached data for SPY
2025-11-09 17:43:50,820 - INFO - RF model loaded for SPY: models/SPY_rf.pkl
2025-11-09 17:43:50,830 - INFO - XGB model loaded for SPY: models/SPY_xgb.pkl
2025-11-09 17:43:51,029 - INFO - LSTM model loaded for SPY: models/SPY_lstm.keras
2025-11-09 17:43:52,173 - INFO - Fetched 69 bars for QQQ
2025-11-09 17:43:53,318 - INFO - Fetched 69 bars for IWM
